<?xml version="1.0" encoding="UTF-8"?>
<!-- Generated by org.testng.reporters.JUnitReportReporter -->
<testsuite hostname="LAPTOP-3U7EV11G" failures="0" tests="2" name="com.UnitTest" time="0.003" errors="0" timestamp="2022-12-17T12:56:26 EST" skipped="0">
  <testcase classname="com.UnitTest" name="test2" time="0.002"/>
  <system-out/>
  <testcase classname="com.UnitTest" name="test3" time="0.001"/>
  <system-out/>
</testsuite> <!-- com.UnitTest -->
