<?xml version="1.0" encoding="UTF-8"?>
<!-- Generated by org.testng.reporters.JUnitReportReporter -->
<testsuite hostname="LAPTOP-3U7EV11G" failures="0" tests="2" name="com.BaseTest" time="0.007" errors="0" timestamp="2022-12-17T12:39:01 EST" skipped="0">
  <testcase classname="com.BaseTest" name="f" time="0.001"/>
  <system-out/>
  <testcase classname="com.BaseTest" name="f" time="0.006"/>
  <system-out/>
</testsuite> <!-- com.BaseTest -->
