<?xml version="1.0" encoding="UTF-8"?>
<!-- Generated by org.testng.reporters.JUnitReportReporter -->
<testsuite hostname="LAPTOP-3U7EV11G" failures="0" tests="1" name="com.SmokeTest" time="0.006" errors="0" timestamp="2022-12-17T12:56:26 EST" skipped="0">
  <testcase classname="com.SmokeTest" name="test1" time="0.006"/>
  <system-out/>
</testsuite> <!-- com.SmokeTest -->
