<?xml version="1.0" encoding="UTF-8"?>
<!-- Generated by org.testng.reporters.JUnitReportReporter -->
<testsuite hostname="LAPTOP-3U7EV11G" failures="0" tests="2" name="com.DbTest" time="0.001" errors="0" timestamp="2022-12-17T12:56:26 EST" skipped="0">
  <testcase classname="com.DbTest" name="f" time="0.001"/>
  <system-out/>
  <testcase classname="com.DbTest" name="f" time="0.000"/>
  <system-out/>
</testsuite> <!-- com.DbTest -->
